# JRE version: Java(TM) SE Runtime Environment (21.0.5+9) (build 21.0.5+9-LTS-239)
# Java VM: Java HotSpot(TM) 64-Bit Server VM (21.0.5+9-LTS-239, mixed mode, sharing, tiered, compressed oops, compressed class ptrs, g1 gc, windows-amd64)
GC Precious Log:
 CardTable entry size: 512
 Card Set container configuration: InlinePtr #cards 5 size 8 Array Of Cards #cards 12 size 40 Howl #buckets 4 coarsen threshold 1843 Howl Bitmap #cards 512 size 80 coarsen threshold 460 Card regions per heap region 1 cards per card region 2048
 CPUs: 12 total, 12 available
 Memory: 7521M
 Large Page Support: Disabled
 NUMA Support: Disabled
 Compressed Oops: Enabled (32-bit)
 Heap Region Size: 1M
 Heap Min Capacity: 8M
 Heap Initial Capacity: 118M
 Heap Max Capacity: 1882M
 Pre-touch: Disabled
 Parallel Workers: 10
 Concurrent Workers: 3
 Concurrent Refinement Workers: 10
 Periodic GC: Disabled
Heap:
 garbage-first heap   total 82944K, used 66412K [0x000000008a600000, 0x0000000100000000)
  region size 1024K, 30 young (30720K), 1 survivors (1024K)
 Metaspace       used 78057K, committed 79168K, reserved 1179648K
  class space    used 10261K, committed 10752K, reserved 1048576K
GC Heap History (20 events):
Event: 3528.457 GC heap before
{Heap before GC invocations=22 (full 0):
 garbage-first heap   total 81920K, used 76167K [0x000000008a600000, 0x0000000100000000)
  region size 1024K, 32 young (32768K), 1 survivors (1024K)
 Metaspace       used 77832K, committed 79040K, reserved 1179648K
  class space    used 10258K, committed 10752K, reserved 1048576K
}
Event: 3528.524 GC heap after
{Heap after GC invocations=23 (full 0):
 garbage-first heap   total 82944K, used 40679K [0x000000008a600000, 0x0000000100000000)
  region size 1024K, 2 young (2048K), 2 survivors (2048K)
 Metaspace       used 77832K, committed 79040K, reserved 1179648K
  class space    used 10258K, committed 10752K, reserved 1048576K
}
Event: 4411.108 GC heap before
{Heap before GC invocations=23 (full 0):
 garbage-first heap   total 82944K, used 74471K [0x000000008a600000, 0x0000000100000000)
  region size 1024K, 35 young (35840K), 2 survivors (2048K)
 Metaspace       used 77847K, committed 79040K, reserved 1179648K
  class space    used 10258K, committed 10752K, reserved 1048576K
}
Event: 4411.233 GC heap after
{Heap after GC invocations=24 (full 0):
 garbage-first heap   total 82944K, used 38672K [0x000000008a600000, 0x0000000100000000)
  region size 1024K, 1 young (1024K), 1 survivors (1024K)
 Metaspace       used 77847K, committed 79040K, reserved 1179648K
  class space    used 10258K, committed 10752K, reserved 1048576K
}
Event: 5274.030 GC heap before
{Heap before GC invocations=24 (full 0):
 garbage-first heap   total 82944K, used 76560K [0x000000008a600000, 0x0000000100000000)
  region size 1024K, 38 young (38912K), 1 survivors (1024K)
 Metaspace       used 77880K, committed 79104K, reserved 1179648K
  class space    used 10258K, committed 10752K, reserved 1048576K
}
Event: 5274.461 GC heap after
{Heap after GC invocations=25 (full 0):
 garbage-first heap   total 82944K, used 38993K [0x000000008a600000, 0x0000000100000000)
  region size 1024K, 2 young (2048K), 2 survivors (2048K)
 Metaspace       used 77880K, committed 79104K, reserved 1179648K
  class space    used 10258K, committed 10752K, reserved 1048576K
}
Event: 6173.176 GC heap before
{Heap before GC invocations=26 (full 0):
 garbage-first heap   total 82944K, used 74833K [0x000000008a600000, 0x0000000100000000)
  region size 1024K, 37 young (37888K), 2 survivors (2048K)
 Metaspace       used 77892K, committed 79104K, reserved 1179648K
  class space    used 10258K, committed 10752K, reserved 1048576K
}
Event: 6173.226 GC heap after
{Heap after GC invocations=27 (full 0):
 garbage-first heap   total 82944K, used 38779K [0x000000008a600000, 0x0000000100000000)
  region size 1024K, 1 young (1024K), 1 survivors (1024K)
 Metaspace       used 77892K, committed 79104K, reserved 1179648K
  class space    used 10258K, committed 10752K, reserved 1048576K
}
Event: 7066.059 GC heap before
{Heap before GC invocations=27 (full 0):
 garbage-first heap   total 82944K, used 76667K [0x000000008a600000, 0x0000000100000000)
  region size 1024K, 38 young (38912K), 1 survivors (1024K)
 Metaspace       used 77918K, committed 79104K, reserved 1179648K
  class space    used 10258K, committed 10752K, reserved 1048576K
}
Event: 7066.117 GC heap after
{Heap after GC invocations=28 (full 0):
 garbage-first heap   total 82944K, used 38353K [0x000000008a600000, 0x0000000100000000)
  region size 1024K, 2 young (2048K), 2 survivors (2048K)
 Metaspace       used 77918K, committed 79104K, reserved 1179648K
  class space    used 10258K, committed 10752K, reserved 1048576K
}
Event: 8283.704 GC heap before
{Heap before GC invocations=28 (full 0):
 garbage-first heap   total 82944K, used 74193K [0x000000008a600000, 0x0000000100000000)
  region size 1024K, 37 young (37888K), 2 survivors (2048K)
 Metaspace       used 77954K, committed 79168K, reserved 1179648K
  class space    used 10258K, committed 10752K, reserved 1048576K
}
Event: 8283.781 GC heap after
{Heap after GC invocations=29 (full 0):
 garbage-first heap   total 82944K, used 38378K [0x000000008a600000, 0x0000000100000000)
  region size 1024K, 2 young (2048K), 2 survivors (2048K)
 Metaspace       used 77954K, committed 79168K, reserved 1179648K
  class space    used 10258K, committed 10752K, reserved 1048576K
}
Event: 9197.084 GC heap before
{Heap before GC invocations=30 (full 0):
 garbage-first heap   total 82944K, used 74218K [0x000000008a600000, 0x0000000100000000)
  region size 1024K, 37 young (37888K), 2 survivors (2048K)
 Metaspace       used 77957K, committed 79168K, reserved 1179648K
  class space    used 10258K, committed 10752K, reserved 1048576K
}
Event: 9197.149 GC heap after
{Heap after GC invocations=31 (full 0):
 garbage-first heap   total 82944K, used 38110K [0x000000008a600000, 0x0000000100000000)
  region size 1024K, 1 young (1024K), 1 survivors (1024K)
 Metaspace       used 77957K, committed 79168K, reserved 1179648K
  class space    used 10258K, committed 10752K, reserved 1048576K
}
Event: 10050.858 GC heap before
{Heap before GC invocations=31 (full 0):
 garbage-first heap   total 82944K, used 75998K [0x000000008a600000, 0x0000000100000000)
  region size 1024K, 38 young (38912K), 1 survivors (1024K)
 Metaspace       used 77991K, committed 79168K, reserved 1179648K
  class space    used 10258K, committed 10752K, reserved 1048576K
}
Event: 10050.939 GC heap after
{Heap after GC invocations=32 (full 0):
 garbage-first heap   total 82944K, used 37892K [0x000000008a600000, 0x0000000100000000)
  region size 1024K, 2 young (2048K), 2 survivors (2048K)
 Metaspace       used 77991K, committed 79168K, reserved 1179648K
  class space    used 10258K, committed 10752K, reserved 1048576K
}
Event: 10975.866 GC heap before
{Heap before GC invocations=32 (full 0):
 garbage-first heap   total 82944K, used 74756K [0x000000008a600000, 0x0000000100000000)
  region size 1024K, 38 young (38912K), 2 survivors (2048K)
 Metaspace       used 77994K, committed 79168K, reserved 1179648K
  class space    used 10258K, committed 10752K, reserved 1048576K
}
Event: 10975.939 GC heap after
{Heap after GC invocations=33 (full 0):
 garbage-first heap   total 82944K, used 37648K [0x000000008a600000, 0x0000000100000000)
  region size 1024K, 1 young (1024K), 1 survivors (1024K)
 Metaspace       used 77994K, committed 79168K, reserved 1179648K
  class space    used 10258K, committed 10752K, reserved 1048576K
}
Event: 11899.587 GC heap before
{Heap before GC invocations=34 (full 0):
 garbage-first heap   total 82944K, used 76560K [0x000000008a600000, 0x0000000100000000)
  region size 1024K, 39 young (39936K), 1 survivors (1024K)
 Metaspace       used 78012K, committed 79168K, reserved 1179648K
  class space    used 10258K, committed 10752K, reserved 1048576K
}
Event: 11899.640 GC heap after
{Heap after GC invocations=35 (full 0):
 garbage-first heap   total 82944K, used 37740K [0x000000008a600000, 0x0000000100000000)
  region size 1024K, 1 young (1024K), 1 survivors (1024K)
 Metaspace       used 78012K, committed 79168K, reserved 1179648K
  class space    used 10258K, committed 10752K, reserved 1048576K
}

